<?xml version="1.0" encoding="UTF-8"?>
<!-- Generated by org.testng.reporters.JUnitReportReporter -->
<testsuite hostname="DESKTOP-BD6P1VU" failures="0" tests="3" name="auth.Auth" time="51.100" errors="0" timestamp="2023-12-11T00:17:27 EET" skipped="0">
  <testcase classname="auth.Auth" name="SignUp" time="15.132"/>
  <system-out/>
  <testcase classname="auth.Auth" name="LogOut" time="14.237"/>
  <system-out/>
  <testcase classname="auth.Auth" name="LogIn" time="21.731"/>
  <system-out/>
</testsuite> <!-- auth.Auth -->
