<?xml version="1.0" encoding="UTF-8"?>
<!-- Generated by org.testng.reporters.JUnitReportReporter -->
<testsuite hostname="DESKTOP-BD6P1VU" failures="0" tests="3" name="auth.Auth" time="48.628" errors="0" timestamp="2023-12-04T17:55:27 EET" skipped="0">
  <testcase classname="auth.Auth" name="SignUp" time="10.727"/>
  <system-out/>
  <testcase classname="auth.Auth" name="LogOut" time="12.402"/>
  <system-out/>
  <testcase classname="auth.Auth" name="LogIn" time="25.499"/>
  <system-out/>
</testsuite> <!-- auth.Auth -->
