<?xml version="1.0" encoding="UTF-8"?>
<!-- Generated by org.testng.reporters.JUnitReportReporter -->
<testsuite hostname="DESKTOP-BD6P1VU" failures="0" tests="3" name="auth.Auth" time="72.091" errors="0" timestamp="2023-12-04T17:58:09 EET" skipped="0">
  <testcase classname="auth.Auth" name="SignUp" time="33.676"/>
  <system-out/>
  <testcase classname="auth.Auth" name="LogOut" time="17.843"/>
  <system-out/>
  <testcase classname="auth.Auth" name="LogIn" time="20.572"/>
  <system-out/>
</testsuite> <!-- auth.Auth -->
